STATUS | wrapper  | 2018/03/30 14:29:44 | --> Wrapper Started as Console
STATUS | wrapper  | 2018/03/30 14:29:44 | Launching a JVM...
INFO   | jvm 1    | 2018/03/30 14:29:44 | OpenJDK 64-Bit Server VM warning: ignoring option MaxPermSize=64M; support was removed in 8.0
INFO   | jvm 1    | 2018/03/30 14:29:45 | Wrapper (Version 3.2.3) http://wrapper.tanukisoftware.org
INFO   | jvm 1    | 2018/03/30 14:29:45 |   Copyright 1999-2006 Tanuki Software, Inc.  All Rights Reserved.
INFO   | jvm 1    | 2018/03/30 14:29:45 | 
INFO   | jvm 1    | 2018/03/30 14:29:45 | 2018-03-30 14:29:45,781 [INFO ][WrapperSimpleAppMain] total resouces of dataHost rwhost0 is :2  (io.mycat.backend.datasource.PhysicalDBPool:PhysicalDBPool.java:100) 
INFO   | jvm 1    | 2018/03/30 14:29:45 | 2018-03-30 14:29:45,791 [INFO ][WrapperSimpleAppMain] create layer cache pool TableID2DataNodeCache of type encache ,default cache size 10000 ,default expire seconds18000  (io.mycat.cache.CacheService:CacheService.java:125) 
INFO   | jvm 1    | 2018/03/30 14:29:45 | 2018-03-30 14:29:45,792 [INFO ][WrapperSimpleAppMain] create child Cache: TESTDB_ORDERS for layered cache TableID2DataNodeCache, size 50000, expire seconds 18000  (io.mycat.cache.DefaultLayedCachePool:DefaultLayedCachePool.java:80) 
INFO   | jvm 1    | 2018/03/30 14:29:45 | 2018-03-30 14:29:45,895 [INFO ][WrapperSimpleAppMain] dyna class load from ./catlet,and auto check for class file modified every 60 seconds  (io.mycat.config.classloader.DynaClassLoader:DynaClassLoader.java:34) 
INFO   | jvm 1    | 2018/03/30 14:29:45 | 2018-03-30 14:29:45,895 [INFO ][WrapperSimpleAppMain] ===============================================  (io.mycat.MycatServer:MycatServer.java:266) 
INFO   | jvm 1    | 2018/03/30 14:29:45 | 2018-03-30 14:29:45,895 [INFO ][WrapperSimpleAppMain] MyCat is ready to startup ...  (io.mycat.MycatServer:MycatServer.java:267) 
INFO   | jvm 1    | 2018/03/30 14:29:45 | 2018-03-30 14:29:45,896 [INFO ][WrapperSimpleAppMain] Startup processors ...,total processors:2,aio thread pool size:4    
INFO   | jvm 1    | 2018/03/30 14:29:45 |  each process allocated socket buffer pool  bytes ,a page size:2097152  a page's chunk number(PageSize/ChunkSize) is:512  buffer page's number is:40  (io.mycat.MycatServer:MycatServer.java:279) 
INFO   | jvm 1    | 2018/03/30 14:29:45 | 2018-03-30 14:29:45,896 [INFO ][WrapperSimpleAppMain] sysconfig params:SystemConfig [processorBufferLocalPercent=100, frontSocketSoRcvbuf=1048576, frontSocketSoSndbuf=4194304, backSocketSoRcvbuf=4194304, backSocketSoSndbuf=1048576, frontSocketNoDelay=1, backSocketNoDelay=1, maxStringLiteralLength=65535, frontWriteQueueSize=2048, bindIp=0.0.0.0, serverPort=3308, managerPort=9067, charset=utf8, processors=2, processorExecutor=4, timerExecutor=2, managerExecutor=2, idleTimeout=1800000, catletClassCheckSeconds=60, sqlExecuteTimeout=300, processorCheckPeriod=1000, dataNodeIdleCheckPeriod=300000, dataNodeHeartbeatPeriod=10000, clusterHeartbeatUser=_HEARTBEAT_USER_, clusterHeartbeatPass=_HEARTBEAT_PASS_, clusterHeartbeatPeriod=5000, clusterHeartbeatTimeout=10000, clusterHeartbeatRetry=10, txIsolation=3, parserCommentVersion=50148, sqlRecordCount=10, bufferPoolPageSize=2097152, bufferPoolChunkSize=4096, bufferPoolPageNumber=40, maxResultSet=524288, bigResultSizeSqlCount=10, bufferUsagePercent=80, flowControlRejectStrategy=0, clearBigSqLResultSetMapMs=600000, defaultMaxLimit=100, sequnceHandlerType=1, sqlInterceptor=io.mycat.server.interceptor.impl.DefaultSqlInterceptor, sqlInterceptorType=select, sqlInterceptorFile=/mycat/logs/sql.txt, mutiNodeLimitType=0, mutiNodePatchSize=100, defaultSqlParser=druidparser, usingAIO=0, packetHeaderSize=4, maxPacketSize=16777216, mycatNodeId=1]  (io.mycat.MycatServer:MycatServer.java:280) 
INFO   | jvm 1    | 2018/03/30 14:29:46 | 2018-03-30 14:29:45,947 [INFO ][WrapperSimpleAppMain] useOffHeapForMerge = 1  (io.mycat.memory.MyCatMemory:MyCatMemory.java:53) 
INFO   | jvm 1    | 2018/03/30 14:29:46 | 2018-03-30 14:29:45,947 [INFO ][WrapperSimpleAppMain] memoryPageSize = 1m  (io.mycat.memory.MyCatMemory:MyCatMemory.java:54) 
INFO   | jvm 1    | 2018/03/30 14:29:46 | 2018-03-30 14:29:45,947 [INFO ][WrapperSimpleAppMain] spillsFileBufferSize = 1k  (io.mycat.memory.MyCatMemory:MyCatMemory.java:55) 
INFO   | jvm 1    | 2018/03/30 14:29:46 | 2018-03-30 14:29:45,947 [INFO ][WrapperSimpleAppMain] useStreamOutput = 0  (io.mycat.memory.MyCatMemory:MyCatMemory.java:56) 
INFO   | jvm 1    | 2018/03/30 14:29:46 | 2018-03-30 14:29:45,947 [INFO ][WrapperSimpleAppMain] systemReserveMemorySize = 384m  (io.mycat.memory.MyCatMemory:MyCatMemory.java:57) 
INFO   | jvm 1    | 2018/03/30 14:29:46 | 2018-03-30 14:29:45,955 [INFO ][WrapperSimpleAppMain] totalNetWorkBufferSize = 80MB  (io.mycat.memory.MyCatMemory:MyCatMemory.java:58) 
INFO   | jvm 1    | 2018/03/30 14:29:46 | 2018-03-30 14:29:45,955 [INFO ][WrapperSimpleAppMain] dataNodeSortedTempDir = /mycat  (io.mycat.memory.MyCatMemory:MyCatMemory.java:59) 
INFO   | jvm 1    | 2018/03/30 14:29:46 | 2018-03-30 14:29:45,958 [INFO ][WrapperSimpleAppMain] mycat.memory.offHeap.size: 1321MB  (io.mycat.memory.MyCatMemory:MyCatMemory.java:122) 
INFO   | jvm 1    | 2018/03/30 14:29:46 | 2018-03-30 14:29:45,963 [INFO ][WrapperSimpleAppMain] using nio network handler   (io.mycat.MycatServer:MycatServer.java:381) 
INFO   | jvm 1    | 2018/03/30 14:29:46 | 2018-03-30 14:29:45,973 [INFO ][WrapperSimpleAppMain] $_MyCatManager is started and listening on 9067  (io.mycat.MycatServer:MycatServer.java:397) 
INFO   | jvm 1    | 2018/03/30 14:29:46 | 2018-03-30 14:29:45,975 [INFO ][WrapperSimpleAppMain] $_MyCatServer is started and listening on 3308  (io.mycat.MycatServer:MycatServer.java:401) 
INFO   | jvm 1    | 2018/03/30 14:29:46 | 2018-03-30 14:29:45,975 [INFO ][WrapperSimpleAppMain] ===============================================  (io.mycat.MycatServer:MycatServer.java:403) 
INFO   | jvm 1    | 2018/03/30 14:29:46 | 2018-03-30 14:29:45,975 [INFO ][WrapperSimpleAppMain] Initialize dataHost ...  (io.mycat.MycatServer:MycatServer.java:407) 
INFO   | jvm 1    | 2018/03/30 14:29:46 | 2018-03-30 14:29:45,975 [INFO ][WrapperSimpleAppMain] init backend myqsl source ,create connections total 10 for hostM1 index :0  (io.mycat.backend.datasource.PhysicalDBPool:PhysicalDBPool.java:294) 
INFO   | jvm 1    | 2018/03/30 14:29:46 | 2018-03-30 14:29:45,976 [INFO ][WrapperSimpleAppMain] no ilde connection in pool,create new connection for hostM1 of schema ias  (io.mycat.backend.datasource.PhysicalDatasource:PhysicalDatasource.java:413) 
INFO   | jvm 1    | 2018/03/30 14:29:46 | 2018-03-30 14:29:45,976 [INFO ][WrapperSimpleAppMain] no ilde connection in pool,create new connection for hostM1 of schema ias  (io.mycat.backend.datasource.PhysicalDatasource:PhysicalDatasource.java:413) 
INFO   | jvm 1    | 2018/03/30 14:29:46 | 2018-03-30 14:29:45,978 [INFO ][WrapperSimpleAppMain] no ilde connection in pool,create new connection for hostM1 of schema ias  (io.mycat.backend.datasource.PhysicalDatasource:PhysicalDatasource.java:413) 
INFO   | jvm 1    | 2018/03/30 14:29:46 | 2018-03-30 14:29:45,979 [INFO ][WrapperSimpleAppMain] no ilde connection in pool,create new connection for hostM1 of schema ias  (io.mycat.backend.datasource.PhysicalDatasource:PhysicalDatasource.java:413) 
INFO   | jvm 1    | 2018/03/30 14:29:46 | 2018-03-30 14:29:45,980 [INFO ][WrapperSimpleAppMain] no ilde connection in pool,create new connection for hostM1 of schema ias  (io.mycat.backend.datasource.PhysicalDatasource:PhysicalDatasource.java:413) 
INFO   | jvm 1    | 2018/03/30 14:29:46 | 2018-03-30 14:29:45,980 [INFO ][WrapperSimpleAppMain] no ilde connection in pool,create new connection for hostM1 of schema ias  (io.mycat.backend.datasource.PhysicalDatasource:PhysicalDatasource.java:413) 
INFO   | jvm 1    | 2018/03/30 14:29:46 | 2018-03-30 14:29:45,980 [INFO ][WrapperSimpleAppMain] no ilde connection in pool,create new connection for hostM1 of schema ias  (io.mycat.backend.datasource.PhysicalDatasource:PhysicalDatasource.java:413) 
INFO   | jvm 1    | 2018/03/30 14:29:46 | 2018-03-30 14:29:45,980 [INFO ][WrapperSimpleAppMain] no ilde connection in pool,create new connection for hostM1 of schema ias  (io.mycat.backend.datasource.PhysicalDatasource:PhysicalDatasource.java:413) 
INFO   | jvm 1    | 2018/03/30 14:29:46 | 2018-03-30 14:29:45,980 [INFO ][WrapperSimpleAppMain] no ilde connection in pool,create new connection for hostM1 of schema ias  (io.mycat.backend.datasource.PhysicalDatasource:PhysicalDatasource.java:413) 
INFO   | jvm 1    | 2018/03/30 14:29:46 | 2018-03-30 14:29:45,980 [INFO ][WrapperSimpleAppMain] no ilde connection in pool,create new connection for hostM1 of schema ias  (io.mycat.backend.datasource.PhysicalDatasource:PhysicalDatasource.java:413) 
INFO   | jvm 1    | 2018/03/30 14:29:46 | 2018-03-30 14:29:46,071 [INFO ][$_NIOREACTOR-1-RW] connected successfuly MySQLConnection [id=1, lastTime=1522420186071, user=root, schema=ias, old shema=ias, borrowed=true, fromSlaveDB=false, threadId=3838, charset=latin1, txIsolation=3, autocommit=true, attachment=null, respHandler=null, host=172.31.40.116, port=33306, statusSync=null, writeQueue=0, modifiedSQLExecuted=false]  (io.mycat.backend.mysql.nio.handler.GetConnectionHandler:GetConnectionHandler.java:67) 
INFO   | jvm 1    | 2018/03/30 14:29:46 | 2018-03-30 14:29:46,071 [INFO ][$_NIOREACTOR-0-RW] connected successfuly MySQLConnection [id=8, lastTime=1522420186071, user=root, schema=ias, old shema=ias, borrowed=true, fromSlaveDB=false, threadId=3841, charset=latin1, txIsolation=3, autocommit=true, attachment=null, respHandler=null, host=172.31.40.116, port=33306, statusSync=null, writeQueue=0, modifiedSQLExecuted=false]  (io.mycat.backend.mysql.nio.handler.GetConnectionHandler:GetConnectionHandler.java:67) 
INFO   | jvm 1    | 2018/03/30 14:29:46 | 2018-03-30 14:29:46,071 [INFO ][$_NIOREACTOR-0-RW] connected successfuly MySQLConnection [id=2, lastTime=1522420186071, user=root, schema=ias, old shema=ias, borrowed=true, fromSlaveDB=false, threadId=3843, charset=latin1, txIsolation=3, autocommit=true, attachment=null, respHandler=null, host=172.31.40.116, port=33306, statusSync=null, writeQueue=0, modifiedSQLExecuted=false]  (io.mycat.backend.mysql.nio.handler.GetConnectionHandler:GetConnectionHandler.java:67) 
INFO   | jvm 1    | 2018/03/30 14:29:46 | 2018-03-30 14:29:46,071 [INFO ][$_NIOREACTOR-0-RW] connected successfuly MySQLConnection [id=4, lastTime=1522420186071, user=root, schema=ias, old shema=ias, borrowed=true, fromSlaveDB=false, threadId=3840, charset=latin1, txIsolation=3, autocommit=true, attachment=null, respHandler=null, host=172.31.40.116, port=33306, statusSync=null, writeQueue=0, modifiedSQLExecuted=false]  (io.mycat.backend.mysql.nio.handler.GetConnectionHandler:GetConnectionHandler.java:67) 
INFO   | jvm 1    | 2018/03/30 14:29:46 | 2018-03-30 14:29:46,072 [INFO ][$_NIOREACTOR-0-RW] connected successfuly MySQLConnection [id=6, lastTime=1522420186072, user=root, schema=ias, old shema=ias, borrowed=true, fromSlaveDB=false, threadId=3844, charset=latin1, txIsolation=3, autocommit=true, attachment=null, respHandler=null, host=172.31.40.116, port=33306, statusSync=null, writeQueue=0, modifiedSQLExecuted=false]  (io.mycat.backend.mysql.nio.handler.GetConnectionHandler:GetConnectionHandler.java:67) 
INFO   | jvm 1    | 2018/03/30 14:29:46 | 2018-03-30 14:29:46,072 [INFO ][$_NIOREACTOR-1-RW] connected successfuly MySQLConnection [id=7, lastTime=1522420186072, user=root, schema=ias, old shema=ias, borrowed=true, fromSlaveDB=false, threadId=3846, charset=latin1, txIsolation=3, autocommit=true, attachment=null, respHandler=null, host=172.31.40.116, port=33306, statusSync=null, writeQueue=0, modifiedSQLExecuted=false]  (io.mycat.backend.mysql.nio.handler.GetConnectionHandler:GetConnectionHandler.java:67) 
INFO   | jvm 1    | 2018/03/30 14:29:46 | 2018-03-30 14:29:46,072 [INFO ][$_NIOREACTOR-0-RW] connected successfuly MySQLConnection [id=10, lastTime=1522420186072, user=root, schema=ias, old shema=ias, borrowed=true, fromSlaveDB=false, threadId=3842, charset=latin1, txIsolation=3, autocommit=true, attachment=null, respHandler=null, host=172.31.40.116, port=33306, statusSync=null, writeQueue=0, modifiedSQLExecuted=false]  (io.mycat.backend.mysql.nio.handler.GetConnectionHandler:GetConnectionHandler.java:67) 
INFO   | jvm 1    | 2018/03/30 14:29:46 | 2018-03-30 14:29:46,072 [INFO ][$_NIOREACTOR-1-RW] connected successfuly MySQLConnection [id=3, lastTime=1522420186072, user=root, schema=ias, old shema=ias, borrowed=true, fromSlaveDB=false, threadId=3837, charset=latin1, txIsolation=3, autocommit=true, attachment=null, respHandler=null, host=172.31.40.116, port=33306, statusSync=null, writeQueue=0, modifiedSQLExecuted=false]  (io.mycat.backend.mysql.nio.handler.GetConnectionHandler:GetConnectionHandler.java:67) 
INFO   | jvm 1    | 2018/03/30 14:29:46 | 2018-03-30 14:29:46,072 [INFO ][$_NIOREACTOR-1-RW] connected successfuly MySQLConnection [id=5, lastTime=1522420186072, user=root, schema=ias, old shema=ias, borrowed=true, fromSlaveDB=false, threadId=3845, charset=latin1, txIsolation=3, autocommit=true, attachment=null, respHandler=null, host=172.31.40.116, port=33306, statusSync=null, writeQueue=0, modifiedSQLExecuted=false]  (io.mycat.backend.mysql.nio.handler.GetConnectionHandler:GetConnectionHandler.java:67) 
INFO   | jvm 1    | 2018/03/30 14:29:46 | 2018-03-30 14:29:46,072 [INFO ][$_NIOREACTOR-1-RW] connected successfuly MySQLConnection [id=9, lastTime=1522420186072, user=root, schema=ias, old shema=ias, borrowed=true, fromSlaveDB=false, threadId=3839, charset=latin1, txIsolation=3, autocommit=true, attachment=null, respHandler=null, host=172.31.40.116, port=33306, statusSync=null, writeQueue=0, modifiedSQLExecuted=false]  (io.mycat.backend.mysql.nio.handler.GetConnectionHandler:GetConnectionHandler.java:67) 
INFO   | jvm 1    | 2018/03/30 14:29:46 | 2018-03-30 14:29:46,080 [INFO ][WrapperSimpleAppMain] init result :finished 10 success 10 target count:10  (io.mycat.backend.datasource.PhysicalDBPool:PhysicalDBPool.java:319) 
INFO   | jvm 1    | 2018/03/30 14:29:46 | 2018-03-30 14:29:46,081 [INFO ][WrapperSimpleAppMain] rwhost0 index:0 init success  (io.mycat.backend.datasource.PhysicalDBPool:PhysicalDBPool.java:265) 
INFO   | jvm 1    | 2018/03/30 14:29:46 | 2018-03-30 14:29:46,090 [INFO ][Timer0] create connections ,because idle connection not enough ,cur is 0, minCon is 10 for hostS1  (io.mycat.backend.datasource.PhysicalDatasource:PhysicalDatasource.java:299) 
INFO   | jvm 1    | 2018/03/30 14:29:46 | 2018-03-30 14:29:46,093 [INFO ][$_NIOREACTOR-0-RW] connectionAcquired MySQLConnection [id=12, lastTime=1522420186082, user=root, schema=ias, old shema=ias, borrowed=false, fromSlaveDB=true, threadId=21, charset=latin1, txIsolation=3, autocommit=true, attachment=null, respHandler=null, host=172.31.40.116, port=33307, statusSync=null, writeQueue=0, modifiedSQLExecuted=false]  (io.mycat.backend.mysql.nio.handler.NewConnectionRespHandler:NewConnectionRespHandler.java:45) 
INFO   | jvm 1    | 2018/03/30 14:29:46 | 2018-03-30 14:29:46,094 [INFO ][$_NIOREACTOR-1-RW] connectionAcquired MySQLConnection [id=13, lastTime=1522420186082, user=root, schema=ias, old shema=ias, borrowed=false, fromSlaveDB=true, threadId=20, charset=latin1, txIsolation=3, autocommit=true, attachment=null, respHandler=null, host=172.31.40.116, port=33307, statusSync=null, writeQueue=0, modifiedSQLExecuted=false]  (io.mycat.backend.mysql.nio.handler.NewConnectionRespHandler:NewConnectionRespHandler.java:45) 
INFO   | jvm 1    | 2018/03/30 14:29:46 | 2018-03-30 14:29:46,094 [INFO ][$_NIOREACTOR-1-RW] connectionAcquired MySQLConnection [id=11, lastTime=1522420186082, user=root, schema=ias, old shema=ias, borrowed=false, fromSlaveDB=true, threadId=19, charset=latin1, txIsolation=3, autocommit=true, attachment=null, respHandler=null, host=172.31.40.116, port=33307, statusSync=null, writeQueue=0, modifiedSQLExecuted=false]  (io.mycat.backend.mysql.nio.handler.NewConnectionRespHandler:NewConnectionRespHandler.java:45) 
INFO   | jvm 1    | 2018/03/30 14:29:46 | MyCAT Server startup successfully. see logs in logs/mycat.log
INFO   | jvm 1    | 2018/03/30 14:32:41 | 2018-03-30 14:32:41,228 [INFO ][$_NIOREACTOR-0-RW] ServerConnection [id=1, schema=null, host=60.63.136.248, user=mysql,txIsolation=3, autocommit=true, schema=null]'mysql' login success  (io.mycat.net.handler.FrontendAuthenticator:FrontendAuthenticator.java:194) 
INFO   | jvm 1    | 2018/03/30 14:32:41 | 2018-03-30 14:32:41,855 [INFO ][$_NIOREACTOR-0-RW] close connection,reason:quit cmd ,ServerConnection [id=1, schema=null, host=60.63.136.248, user=mysql,txIsolation=3, autocommit=true, schema=null]  (io.mycat.net.AbstractConnection:AbstractConnection.java:508) 
INFO   | jvm 1    | 2018/03/30 14:32:43 | 2018-03-30 14:32:43,816 [INFO ][$_NIOREACTOR-1-RW] ServerConnection [id=2, schema=null, host=60.63.136.248, user=mysql,txIsolation=3, autocommit=true, schema=null]'mysql' login success  (io.mycat.net.handler.FrontendAuthenticator:FrontendAuthenticator.java:194) 
INFO   | jvm 1    | 2018/03/30 14:32:44 | 2018-03-30 14:32:44,778 [INFO ][$_NIOREACTOR-0-RW] ServerConnection [id=3, schema=null, host=60.63.136.248, user=mysql,txIsolation=3, autocommit=true, schema=null]'mysql' login success  (io.mycat.net.handler.FrontendAuthenticator:FrontendAuthenticator.java:194) 
INFO   | jvm 1    | 2018/03/30 14:32:46 | 2018-03-30 14:32:46,335 [INFO ][$_NIOREACTOR-1-RW] ServerConnection [id=4, schema=null, host=60.63.136.248, user=mysql,txIsolation=3, autocommit=true, schema=null]'mysql' login success  (io.mycat.net.handler.FrontendAuthenticator:FrontendAuthenticator.java:194) 
INFO   | jvm 1    | 2018/03/30 14:32:55 | 2018-03-30 14:32:55,711 [INFO ][$_NIOREACTOR-1-RW] close connection,reason:quit cmd ,ServerConnection [id=4, schema=ias, host=60.63.136.248, user=mysql,txIsolation=3, autocommit=true, schema=ias]  (io.mycat.net.AbstractConnection:AbstractConnection.java:508) 
INFO   | jvm 1    | 2018/03/30 14:33:49 | 2018-03-30 14:33:49,173 [INFO ][$_NIOREACTOR-0-RW] ServerConnection [id=5, schema=null, host=60.63.136.248, user=mysql,txIsolation=3, autocommit=true, schema=null]'mysql' login success  (io.mycat.net.handler.FrontendAuthenticator:FrontendAuthenticator.java:194) 
INFO   | jvm 1    | 2018/03/30 14:33:55 | 2018-03-30 14:33:55,190 [INFO ][$_NIOREACTOR-1-RW] ServerConnection [id=6, schema=null, host=60.63.136.248, user=mysql,txIsolation=3, autocommit=true, schema=null]'mysql' login success  (io.mycat.net.handler.FrontendAuthenticator:FrontendAuthenticator.java:194) 
INFO   | jvm 1    | 2018/03/30 14:33:55 | 2018-03-30 14:33:55,687 [WARN ][$_NIOREACTOR-1-RW]  find no Route:SELECT * FROM `ias`.`t_user` LIMIT 0  (io.mycat.route.parser.druid.impl.DruidSelectParser:DruidSelectParser.java:436) 
INFO   | jvm 1    | 2018/03/30 14:33:55 | 2018-03-30 14:33:55,696 [WARN ][$_NIOREACTOR-1-RW] ServerConnection [id=6, schema=ias, host=60.63.136.248, user=mysql,txIsolation=3, autocommit=true, schema=ias]SELECT * FROM `ias`.`t_user` LIMIT 0 err:java.sql.SQLNonTransientException:  find no Route:SELECT * FROM `ias`.`t_user` LIMIT 0 java.sql.SQLNonTransientException:  find no Route:SELECT * FROM `ias`.`t_user` LIMIT 0
INFO   | jvm 1    | 2018/03/30 14:33:55 | 	at io.mycat.route.parser.druid.impl.DruidSelectParser.tryRoute(DruidSelectParser.java:437)
INFO   | jvm 1    | 2018/03/30 14:33:55 | 	at io.mycat.route.parser.druid.impl.DruidSelectParser.changeSql(DruidSelectParser.java:287)
INFO   | jvm 1    | 2018/03/30 14:33:55 | 	at io.mycat.route.parser.druid.impl.DefaultDruidParser.parser(DefaultDruidParser.java:67)
INFO   | jvm 1    | 2018/03/30 14:33:55 | 	at io.mycat.route.impl.DruidMycatRouteStrategy.routeNormalSqlWithAST(DruidMycatRouteStrategy.java:84)
INFO   | jvm 1    | 2018/03/30 14:33:55 | 	at io.mycat.route.impl.AbstractRouteStrategy.route(AbstractRouteStrategy.java:81)
INFO   | jvm 1    | 2018/03/30 14:33:55 | 	at io.mycat.route.RouteService.route(RouteService.java:133)
INFO   | jvm 1    | 2018/03/30 14:33:55 | 	at io.mycat.server.ServerConnection.routeEndExecuteSQL(ServerConnection.java:273)
INFO   | jvm 1    | 2018/03/30 14:33:55 | 	at io.mycat.server.ServerConnection.execute(ServerConnection.java:222)
INFO   | jvm 1    | 2018/03/30 14:33:55 | 	at io.mycat.server.handler.SelectHandler.handle(SelectHandler.java:105)
INFO   | jvm 1    | 2018/03/30 14:33:55 | 	at io.mycat.server.ServerQueryHandler.query(ServerQueryHandler.java:79)
INFO   | jvm 1    | 2018/03/30 14:33:55 | 	at io.mycat.net.FrontendConnection.query(FrontendConnection.java:317)
INFO   | jvm 1    | 2018/03/30 14:33:55 | 	at io.mycat.net.FrontendConnection.query(FrontendConnection.java:337)
INFO   | jvm 1    | 2018/03/30 14:33:55 | 	at io.mycat.net.handler.FrontendCommandHandler.handle(FrontendCommandHandler.java:71)
INFO   | jvm 1    | 2018/03/30 14:33:55 | 	at io.mycat.net.FrontendConnection.rawHandle(FrontendConnection.java:478)
INFO   | jvm 1    | 2018/03/30 14:33:55 | 	at io.mycat.net.FrontendConnection.handle(FrontendConnection.java:460)
INFO   | jvm 1    | 2018/03/30 14:33:55 | 	at io.mycat.net.AbstractConnection.onReadData(AbstractConnection.java:321)
INFO   | jvm 1    | 2018/03/30 14:33:55 | 	at io.mycat.net.NIOSocketWR.asynRead(NIOSocketWR.java:190)
INFO   | jvm 1    | 2018/03/30 14:33:55 | 	at io.mycat.net.AbstractConnection.asynRead(AbstractConnection.java:273)
INFO   | jvm 1    | 2018/03/30 14:33:55 | 	at io.mycat.net.NIOReactor$RW.run(NIOReactor.java:102)
INFO   | jvm 1    | 2018/03/30 14:33:55 | 	at java.lang.Thread.run(Thread.java:745)
INFO   | jvm 1    | 2018/03/30 14:33:55 |  (io.mycat.server.ServerConnection:ServerConnection.java:281) 
INFO   | jvm 1    | 2018/03/30 14:34:38 | 2018-03-30 14:34:38,185 [WARN ][$_NIOREACTOR-1-RW]  find no Route:SELECT * FROM `ias`.`t_user` LIMIT 0  (io.mycat.route.parser.druid.impl.DruidSelectParser:DruidSelectParser.java:436) 
INFO   | jvm 1    | 2018/03/30 14:34:38 | 2018-03-30 14:34:38,186 [WARN ][$_NIOREACTOR-1-RW] ServerConnection [id=6, schema=ias, host=60.63.136.248, user=mysql,txIsolation=3, autocommit=true, schema=ias]SELECT * FROM `ias`.`t_user` LIMIT 0 err:java.sql.SQLNonTransientException:  find no Route:SELECT * FROM `ias`.`t_user` LIMIT 0 java.sql.SQLNonTransientException:  find no Route:SELECT * FROM `ias`.`t_user` LIMIT 0
INFO   | jvm 1    | 2018/03/30 14:34:38 | 	at io.mycat.route.parser.druid.impl.DruidSelectParser.tryRoute(DruidSelectParser.java:437)
INFO   | jvm 1    | 2018/03/30 14:34:38 | 	at io.mycat.route.parser.druid.impl.DruidSelectParser.changeSql(DruidSelectParser.java:287)
INFO   | jvm 1    | 2018/03/30 14:34:38 | 	at io.mycat.route.parser.druid.impl.DefaultDruidParser.parser(DefaultDruidParser.java:67)
INFO   | jvm 1    | 2018/03/30 14:34:38 | 	at io.mycat.route.impl.DruidMycatRouteStrategy.routeNormalSqlWithAST(DruidMycatRouteStrategy.java:84)
INFO   | jvm 1    | 2018/03/30 14:34:38 | 	at io.mycat.route.impl.AbstractRouteStrategy.route(AbstractRouteStrategy.java:81)
INFO   | jvm 1    | 2018/03/30 14:34:38 | 	at io.mycat.route.RouteService.route(RouteService.java:133)
INFO   | jvm 1    | 2018/03/30 14:34:38 | 	at io.mycat.server.ServerConnection.routeEndExecuteSQL(ServerConnection.java:273)
INFO   | jvm 1    | 2018/03/30 14:34:38 | 	at io.mycat.server.ServerConnection.execute(ServerConnection.java:222)
INFO   | jvm 1    | 2018/03/30 14:34:38 | 	at io.mycat.server.handler.SelectHandler.handle(SelectHandler.java:105)
INFO   | jvm 1    | 2018/03/30 14:34:38 | 	at io.mycat.server.ServerQueryHandler.query(ServerQueryHandler.java:79)
INFO   | jvm 1    | 2018/03/30 14:34:38 | 	at io.mycat.net.FrontendConnection.query(FrontendConnection.java:317)
INFO   | jvm 1    | 2018/03/30 14:34:38 | 	at io.mycat.net.FrontendConnection.query(FrontendConnection.java:337)
INFO   | jvm 1    | 2018/03/30 14:34:38 | 	at io.mycat.net.handler.FrontendCommandHandler.handle(FrontendCommandHandler.java:71)
INFO   | jvm 1    | 2018/03/30 14:34:38 | 	at io.mycat.net.FrontendConnection.rawHandle(FrontendConnection.java:478)
INFO   | jvm 1    | 2018/03/30 14:34:38 | 	at io.mycat.net.FrontendConnection.handle(FrontendConnection.java:460)
INFO   | jvm 1    | 2018/03/30 14:34:38 | 	at io.mycat.net.AbstractConnection.onReadData(AbstractConnection.java:321)
INFO   | jvm 1    | 2018/03/30 14:34:38 | 	at io.mycat.net.NIOSocketWR.asynRead(NIOSocketWR.java:190)
INFO   | jvm 1    | 2018/03/30 14:34:38 | 	at io.mycat.net.AbstractConnection.asynRead(AbstractConnection.java:273)
INFO   | jvm 1    | 2018/03/30 14:34:38 | 	at io.mycat.net.NIOReactor$RW.run(NIOReactor.java:102)
INFO   | jvm 1    | 2018/03/30 14:34:38 | 	at java.lang.Thread.run(Thread.java:745)
INFO   | jvm 1    | 2018/03/30 14:34:38 |  (io.mycat.server.ServerConnection:ServerConnection.java:281) 
INFO   | jvm 1    | 2018/03/30 14:34:46 | 2018-03-30 14:34:46,082 [INFO ][Timer0] create connections ,because idle connection not enough ,cur is 3, minCon is 10 for hostS1  (io.mycat.backend.datasource.PhysicalDatasource:PhysicalDatasource.java:299) 
INFO   | jvm 1    | 2018/03/30 14:34:46 | 2018-03-30 14:34:46,085 [INFO ][$_NIOREACTOR-0-RW] connectionAcquired MySQLConnection [id=14, lastTime=1522420486081, user=root, schema=ias, old shema=ias, borrowed=false, fromSlaveDB=true, threadId=22, charset=latin1, txIsolation=3, autocommit=true, attachment=null, respHandler=null, host=172.31.40.116, port=33307, statusSync=null, writeQueue=0, modifiedSQLExecuted=false]  (io.mycat.backend.mysql.nio.handler.NewConnectionRespHandler:NewConnectionRespHandler.java:45) 
INFO   | jvm 1    | 2018/03/30 14:34:46 | 2018-03-30 14:34:46,086 [INFO ][$_NIOREACTOR-1-RW] connectionAcquired MySQLConnection [id=15, lastTime=1522420486081, user=root, schema=ias, old shema=ias, borrowed=false, fromSlaveDB=true, threadId=23, charset=latin1, txIsolation=3, autocommit=true, attachment=null, respHandler=null, host=172.31.40.116, port=33307, statusSync=null, writeQueue=0, modifiedSQLExecuted=false]  (io.mycat.backend.mysql.nio.handler.NewConnectionRespHandler:NewConnectionRespHandler.java:45) 
INFO   | jvm 1    | 2018/03/30 14:35:12 | 2018-03-30 14:35:12,812 [WARN ][$_NIOREACTOR-1-RW]  find no Route:SELECT * FROM `ias`.`t_room_device` LIMIT 0  (io.mycat.route.parser.druid.impl.DruidSelectParser:DruidSelectParser.java:436) 
INFO   | jvm 1    | 2018/03/30 14:35:12 | 2018-03-30 14:35:12,812 [WARN ][$_NIOREACTOR-1-RW] ServerConnection [id=6, schema=ias, host=60.63.136.248, user=mysql,txIsolation=3, autocommit=true, schema=ias]SELECT * FROM `ias`.`t_room_device` LIMIT 0 err:java.sql.SQLNonTransientException:  find no Route:SELECT * FROM `ias`.`t_room_device` LIMIT 0 java.sql.SQLNonTransientException:  find no Route:SELECT * FROM `ias`.`t_room_device` LIMIT 0
INFO   | jvm 1    | 2018/03/30 14:35:12 | 	at io.mycat.route.parser.druid.impl.DruidSelectParser.tryRoute(DruidSelectParser.java:437)
INFO   | jvm 1    | 2018/03/30 14:35:12 | 	at io.mycat.route.parser.druid.impl.DruidSelectParser.changeSql(DruidSelectParser.java:287)
INFO   | jvm 1    | 2018/03/30 14:35:12 | 	at io.mycat.route.parser.druid.impl.DefaultDruidParser.parser(DefaultDruidParser.java:67)
INFO   | jvm 1    | 2018/03/30 14:35:12 | 	at io.mycat.route.impl.DruidMycatRouteStrategy.routeNormalSqlWithAST(DruidMycatRouteStrategy.java:84)
INFO   | jvm 1    | 2018/03/30 14:35:12 | 	at io.mycat.route.impl.AbstractRouteStrategy.route(AbstractRouteStrategy.java:81)
INFO   | jvm 1    | 2018/03/30 14:35:12 | 	at io.mycat.route.RouteService.route(RouteService.java:133)
INFO   | jvm 1    | 2018/03/30 14:35:12 | 	at io.mycat.server.ServerConnection.routeEndExecuteSQL(ServerConnection.java:273)
INFO   | jvm 1    | 2018/03/30 14:35:12 | 	at io.mycat.server.ServerConnection.execute(ServerConnection.java:222)
INFO   | jvm 1    | 2018/03/30 14:35:12 | 	at io.mycat.server.handler.SelectHandler.handle(SelectHandler.java:105)
INFO   | jvm 1    | 2018/03/30 14:35:12 | 	at io.mycat.server.ServerQueryHandler.query(ServerQueryHandler.java:79)
INFO   | jvm 1    | 2018/03/30 14:35:12 | 	at io.mycat.net.FrontendConnection.query(FrontendConnection.java:317)
INFO   | jvm 1    | 2018/03/30 14:35:12 | 	at io.mycat.net.FrontendConnection.query(FrontendConnection.java:337)
INFO   | jvm 1    | 2018/03/30 14:35:12 | 	at io.mycat.net.handler.FrontendCommandHandler.handle(FrontendCommandHandler.java:71)
INFO   | jvm 1    | 2018/03/30 14:35:12 | 	at io.mycat.net.FrontendConnection.rawHandle(FrontendConnection.java:478)
INFO   | jvm 1    | 2018/03/30 14:35:12 | 	at io.mycat.net.FrontendConnection.handle(FrontendConnection.java:460)
INFO   | jvm 1    | 2018/03/30 14:35:12 | 	at io.mycat.net.AbstractConnection.onReadData(AbstractConnection.java:321)
INFO   | jvm 1    | 2018/03/30 14:35:12 | 	at io.mycat.net.NIOSocketWR.asynRead(NIOSocketWR.java:190)
INFO   | jvm 1    | 2018/03/30 14:35:12 | 	at io.mycat.net.AbstractConnection.asynRead(AbstractConnection.java:273)
INFO   | jvm 1    | 2018/03/30 14:35:12 | 	at io.mycat.net.NIOReactor$RW.run(NIOReactor.java:102)
INFO   | jvm 1    | 2018/03/30 14:35:12 | 	at java.lang.Thread.run(Thread.java:745)
INFO   | jvm 1    | 2018/03/30 14:35:12 |  (io.mycat.server.ServerConnection:ServerConnection.java:281) 
INFO   | jvm 1    | 2018/03/30 14:35:17 | 2018-03-30 14:35:17,281 [WARN ][$_NIOREACTOR-1-RW]  find no Route:SELECT * FROM `ias`.`t_room` LIMIT 0  (io.mycat.route.parser.druid.impl.DruidSelectParser:DruidSelectParser.java:436) 
INFO   | jvm 1    | 2018/03/30 14:35:17 | 2018-03-30 14:35:17,282 [WARN ][$_NIOREACTOR-1-RW] ServerConnection [id=6, schema=ias, host=60.63.136.248, user=mysql,txIsolation=3, autocommit=true, schema=ias]SELECT * FROM `ias`.`t_room` LIMIT 0 err:java.sql.SQLNonTransientException:  find no Route:SELECT * FROM `ias`.`t_room` LIMIT 0 java.sql.SQLNonTransientException:  find no Route:SELECT * FROM `ias`.`t_room` LIMIT 0
INFO   | jvm 1    | 2018/03/30 14:35:17 | 	at io.mycat.route.parser.druid.impl.DruidSelectParser.tryRoute(DruidSelectParser.java:437)
INFO   | jvm 1    | 2018/03/30 14:35:17 | 	at io.mycat.route.parser.druid.impl.DruidSelectParser.changeSql(DruidSelectParser.java:287)
INFO   | jvm 1    | 2018/03/30 14:35:17 | 	at io.mycat.route.parser.druid.impl.DefaultDruidParser.parser(DefaultDruidParser.java:67)
INFO   | jvm 1    | 2018/03/30 14:35:17 | 	at io.mycat.route.impl.DruidMycatRouteStrategy.routeNormalSqlWithAST(DruidMycatRouteStrategy.java:84)
INFO   | jvm 1    | 2018/03/30 14:35:17 | 	at io.mycat.route.impl.AbstractRouteStrategy.route(AbstractRouteStrategy.java:81)
INFO   | jvm 1    | 2018/03/30 14:35:17 | 	at io.mycat.route.RouteService.route(RouteService.java:133)
INFO   | jvm 1    | 2018/03/30 14:35:17 | 	at io.mycat.server.ServerConnection.routeEndExecuteSQL(ServerConnection.java:273)
INFO   | jvm 1    | 2018/03/30 14:35:17 | 	at io.mycat.server.ServerConnection.execute(ServerConnection.java:222)
INFO   | jvm 1    | 2018/03/30 14:35:17 | 	at io.mycat.server.handler.SelectHandler.handle(SelectHandler.java:105)
INFO   | jvm 1    | 2018/03/30 14:35:17 | 	at io.mycat.server.ServerQueryHandler.query(ServerQueryHandler.java:79)
INFO   | jvm 1    | 2018/03/30 14:35:17 | 	at io.mycat.net.FrontendConnection.query(FrontendConnection.java:317)
INFO   | jvm 1    | 2018/03/30 14:35:17 | 	at io.mycat.net.FrontendConnection.query(FrontendConnection.java:337)
INFO   | jvm 1    | 2018/03/30 14:35:17 | 	at io.mycat.net.handler.FrontendCommandHandler.handle(FrontendCommandHandler.java:71)
INFO   | jvm 1    | 2018/03/30 14:35:17 | 	at io.mycat.net.FrontendConnection.rawHandle(FrontendConnection.java:478)
INFO   | jvm 1    | 2018/03/30 14:35:17 | 	at io.mycat.net.FrontendConnection.handle(FrontendConnection.java:460)
INFO   | jvm 1    | 2018/03/30 14:35:17 | 	at io.mycat.net.AbstractConnection.onReadData(AbstractConnection.java:321)
INFO   | jvm 1    | 2018/03/30 14:35:17 | 	at io.mycat.net.NIOSocketWR.asynRead(NIOSocketWR.java:190)
INFO   | jvm 1    | 2018/03/30 14:35:17 | 	at io.mycat.net.AbstractConnection.asynRead(AbstractConnection.java:273)
INFO   | jvm 1    | 2018/03/30 14:35:17 | 	at io.mycat.net.NIOReactor$RW.run(NIOReactor.java:102)
INFO   | jvm 1    | 2018/03/30 14:35:17 | 	at java.lang.Thread.run(Thread.java:745)
INFO   | jvm 1    | 2018/03/30 14:35:17 |  (io.mycat.server.ServerConnection:ServerConnection.java:281) 
INFO   | jvm 1    | 2018/03/30 14:35:25 | 2018-03-30 14:35:25,586 [WARN ][$_NIOREACTOR-1-RW]  find no Route:SELECT * FROM `ias`.`t_room` LIMIT 0  (io.mycat.route.parser.druid.impl.DruidSelectParser:DruidSelectParser.java:436) 
INFO   | jvm 1    | 2018/03/30 14:35:25 | 2018-03-30 14:35:25,587 [WARN ][$_NIOREACTOR-1-RW] ServerConnection [id=6, schema=ias, host=60.63.136.248, user=mysql,txIsolation=3, autocommit=true, schema=ias]SELECT * FROM `ias`.`t_room` LIMIT 0 err:java.sql.SQLNonTransientException:  find no Route:SELECT * FROM `ias`.`t_room` LIMIT 0 java.sql.SQLNonTransientException:  find no Route:SELECT * FROM `ias`.`t_room` LIMIT 0
INFO   | jvm 1    | 2018/03/30 14:35:25 | 	at io.mycat.route.parser.druid.impl.DruidSelectParser.tryRoute(DruidSelectParser.java:437)
INFO   | jvm 1    | 2018/03/30 14:35:25 | 	at io.mycat.route.parser.druid.impl.DruidSelectParser.changeSql(DruidSelectParser.java:287)
INFO   | jvm 1    | 2018/03/30 14:35:25 | 	at io.mycat.route.parser.druid.impl.DefaultDruidParser.parser(DefaultDruidParser.java:67)
INFO   | jvm 1    | 2018/03/30 14:35:25 | 	at io.mycat.route.impl.DruidMycatRouteStrategy.routeNormalSqlWithAST(DruidMycatRouteStrategy.java:84)
INFO   | jvm 1    | 2018/03/30 14:35:25 | 	at io.mycat.route.impl.AbstractRouteStrategy.route(AbstractRouteStrategy.java:81)
INFO   | jvm 1    | 2018/03/30 14:35:25 | 	at io.mycat.route.RouteService.route(RouteService.java:133)
INFO   | jvm 1    | 2018/03/30 14:35:25 | 	at io.mycat.server.ServerConnection.routeEndExecuteSQL(ServerConnection.java:273)
INFO   | jvm 1    | 2018/03/30 14:35:25 | 	at io.mycat.server.ServerConnection.execute(ServerConnection.java:222)
INFO   | jvm 1    | 2018/03/30 14:35:25 | 	at io.mycat.server.handler.SelectHandler.handle(SelectHandler.java:105)
INFO   | jvm 1    | 2018/03/30 14:35:25 | 	at io.mycat.server.ServerQueryHandler.query(ServerQueryHandler.java:79)
INFO   | jvm 1    | 2018/03/30 14:35:25 | 	at io.mycat.net.FrontendConnection.query(FrontendConnection.java:317)
INFO   | jvm 1    | 2018/03/30 14:35:25 | 	at io.mycat.net.FrontendConnection.query(FrontendConnection.java:337)
INFO   | jvm 1    | 2018/03/30 14:35:25 | 	at io.mycat.net.handler.FrontendCommandHandler.handle(FrontendCommandHandler.java:71)
INFO   | jvm 1    | 2018/03/30 14:35:25 | 	at io.mycat.net.FrontendConnection.rawHandle(FrontendConnection.java:478)
INFO   | jvm 1    | 2018/03/30 14:35:25 | 	at io.mycat.net.FrontendConnection.handle(FrontendConnection.java:460)
INFO   | jvm 1    | 2018/03/30 14:35:25 | 	at io.mycat.net.AbstractConnection.onReadData(AbstractConnection.java:321)
INFO   | jvm 1    | 2018/03/30 14:35:25 | 	at io.mycat.net.NIOSocketWR.asynRead(NIOSocketWR.java:190)
INFO   | jvm 1    | 2018/03/30 14:35:25 | 	at io.mycat.net.AbstractConnection.asynRead(AbstractConnection.java:273)
INFO   | jvm 1    | 2018/03/30 14:35:25 | 	at io.mycat.net.NIOReactor$RW.run(NIOReactor.java:102)
INFO   | jvm 1    | 2018/03/30 14:35:25 | 	at java.lang.Thread.run(Thread.java:745)
INFO   | jvm 1    | 2018/03/30 14:35:25 |  (io.mycat.server.ServerConnection:ServerConnection.java:281) 
INFO   | jvm 1    | 2018/03/30 14:39:46 | 2018-03-30 14:39:46,082 [INFO ][Timer1] create connections ,because idle connection not enough ,cur is 5, minCon is 10 for hostS1  (io.mycat.backend.datasource.PhysicalDatasource:PhysicalDatasource.java:299) 
INFO   | jvm 1    | 2018/03/30 14:39:46 | 2018-03-30 14:39:46,084 [INFO ][$_NIOREACTOR-0-RW] connectionAcquired MySQLConnection [id=16, lastTime=1522420786081, user=root, schema=ias, old shema=ias, borrowed=false, fromSlaveDB=true, threadId=24, charset=latin1, txIsolation=3, autocommit=true, attachment=null, respHandler=null, host=172.31.40.116, port=33307, statusSync=null, writeQueue=0, modifiedSQLExecuted=false]  (io.mycat.backend.mysql.nio.handler.NewConnectionRespHandler:NewConnectionRespHandler.java:45) 
INFO   | jvm 1    | 2018/03/30 14:44:46 | 2018-03-30 14:44:46,082 [INFO ][Timer0] create connections ,because idle connection not enough ,cur is 6, minCon is 10 for hostS1  (io.mycat.backend.datasource.PhysicalDatasource:PhysicalDatasource.java:299) 
INFO   | jvm 1    | 2018/03/30 14:44:46 | 2018-03-30 14:44:46,085 [INFO ][$_NIOREACTOR-1-RW] connectionAcquired MySQLConnection [id=17, lastTime=1522421086081, user=root, schema=ias, old shema=ias, borrowed=false, fromSlaveDB=true, threadId=25, charset=latin1, txIsolation=3, autocommit=true, attachment=null, respHandler=null, host=172.31.40.116, port=33307, statusSync=null, writeQueue=0, modifiedSQLExecuted=false]  (io.mycat.backend.mysql.nio.handler.NewConnectionRespHandler:NewConnectionRespHandler.java:45) 
INFO   | jvm 1    | 2018/03/30 14:48:26 | 2018-03-30 14:48:26,199 [WARN ][$_NIOREACTOR-1-RW]  find no Route:SELECT * FROM `ias`.`t_room` LIMIT 0  (io.mycat.route.parser.druid.impl.DruidSelectParser:DruidSelectParser.java:436) 
INFO   | jvm 1    | 2018/03/30 14:48:26 | 2018-03-30 14:48:26,200 [WARN ][$_NIOREACTOR-1-RW] ServerConnection [id=6, schema=ias, host=60.63.136.248, user=mysql,txIsolation=3, autocommit=true, schema=ias]SELECT * FROM `ias`.`t_room` LIMIT 0 err:java.sql.SQLNonTransientException:  find no Route:SELECT * FROM `ias`.`t_room` LIMIT 0 java.sql.SQLNonTransientException:  find no Route:SELECT * FROM `ias`.`t_room` LIMIT 0
INFO   | jvm 1    | 2018/03/30 14:48:26 | 	at io.mycat.route.parser.druid.impl.DruidSelectParser.tryRoute(DruidSelectParser.java:437)
INFO   | jvm 1    | 2018/03/30 14:48:26 | 	at io.mycat.route.parser.druid.impl.DruidSelectParser.changeSql(DruidSelectParser.java:287)
INFO   | jvm 1    | 2018/03/30 14:48:26 | 	at io.mycat.route.parser.druid.impl.DefaultDruidParser.parser(DefaultDruidParser.java:67)
INFO   | jvm 1    | 2018/03/30 14:48:26 | 	at io.mycat.route.impl.DruidMycatRouteStrategy.routeNormalSqlWithAST(DruidMycatRouteStrategy.java:84)
INFO   | jvm 1    | 2018/03/30 14:48:26 | 	at io.mycat.route.impl.AbstractRouteStrategy.route(AbstractRouteStrategy.java:81)
INFO   | jvm 1    | 2018/03/30 14:48:26 | 	at io.mycat.route.RouteService.route(RouteService.java:133)
INFO   | jvm 1    | 2018/03/30 14:48:26 | 	at io.mycat.server.ServerConnection.routeEndExecuteSQL(ServerConnection.java:273)
INFO   | jvm 1    | 2018/03/30 14:48:26 | 	at io.mycat.server.ServerConnection.execute(ServerConnection.java:222)
INFO   | jvm 1    | 2018/03/30 14:48:26 | 	at io.mycat.server.handler.SelectHandler.handle(SelectHandler.java:105)
INFO   | jvm 1    | 2018/03/30 14:48:26 | 	at io.mycat.server.ServerQueryHandler.query(ServerQueryHandler.java:79)
INFO   | jvm 1    | 2018/03/30 14:48:26 | 	at io.mycat.net.FrontendConnection.query(FrontendConnection.java:317)
INFO   | jvm 1    | 2018/03/30 14:48:26 | 	at io.mycat.net.FrontendConnection.query(FrontendConnection.java:337)
INFO   | jvm 1    | 2018/03/30 14:48:26 | 	at io.mycat.net.handler.FrontendCommandHandler.handle(FrontendCommandHandler.java:71)
INFO   | jvm 1    | 2018/03/30 14:48:26 | 	at io.mycat.net.FrontendConnection.rawHandle(FrontendConnection.java:478)
INFO   | jvm 1    | 2018/03/30 14:48:26 | 	at io.mycat.net.FrontendConnection.handle(FrontendConnection.java:460)
INFO   | jvm 1    | 2018/03/30 14:48:26 | 	at io.mycat.net.AbstractConnection.onReadData(AbstractConnection.java:321)
INFO   | jvm 1    | 2018/03/30 14:48:26 | 	at io.mycat.net.NIOSocketWR.asynRead(NIOSocketWR.java:190)
INFO   | jvm 1    | 2018/03/30 14:48:26 | 	at io.mycat.net.AbstractConnection.asynRead(AbstractConnection.java:273)
INFO   | jvm 1    | 2018/03/30 14:48:26 | 	at io.mycat.net.NIOReactor$RW.run(NIOReactor.java:102)
INFO   | jvm 1    | 2018/03/30 14:48:26 | 	at java.lang.Thread.run(Thread.java:745)
INFO   | jvm 1    | 2018/03/30 14:48:26 |  (io.mycat.server.ServerConnection:ServerConnection.java:281) 
INFO   | jvm 1    | 2018/03/30 14:48:27 | 2018-03-30 14:48:27,468 [WARN ][$_NIOREACTOR-1-RW]  find no Route:SELECT * FROM `ias`.`t_room` LIMIT 0  (io.mycat.route.parser.druid.impl.DruidSelectParser:DruidSelectParser.java:436) 
INFO   | jvm 1    | 2018/03/30 14:48:27 | 2018-03-30 14:48:27,469 [WARN ][$_NIOREACTOR-1-RW] ServerConnection [id=6, schema=ias, host=60.63.136.248, user=mysql,txIsolation=3, autocommit=true, schema=ias]SELECT * FROM `ias`.`t_room` LIMIT 0 err:java.sql.SQLNonTransientException:  find no Route:SELECT * FROM `ias`.`t_room` LIMIT 0 java.sql.SQLNonTransientException:  find no Route:SELECT * FROM `ias`.`t_room` LIMIT 0
INFO   | jvm 1    | 2018/03/30 14:48:27 | 	at io.mycat.route.parser.druid.impl.DruidSelectParser.tryRoute(DruidSelectParser.java:437)
INFO   | jvm 1    | 2018/03/30 14:48:27 | 	at io.mycat.route.parser.druid.impl.DruidSelectParser.changeSql(DruidSelectParser.java:287)
INFO   | jvm 1    | 2018/03/30 14:48:27 | 	at io.mycat.route.parser.druid.impl.DefaultDruidParser.parser(DefaultDruidParser.java:67)
INFO   | jvm 1    | 2018/03/30 14:48:27 | 	at io.mycat.route.impl.DruidMycatRouteStrategy.routeNormalSqlWithAST(DruidMycatRouteStrategy.java:84)
INFO   | jvm 1    | 2018/03/30 14:48:27 | 	at io.mycat.route.impl.AbstractRouteStrategy.route(AbstractRouteStrategy.java:81)
INFO   | jvm 1    | 2018/03/30 14:48:27 | 	at io.mycat.route.RouteService.route(RouteService.java:133)
INFO   | jvm 1    | 2018/03/30 14:48:27 | 	at io.mycat.server.ServerConnection.routeEndExecuteSQL(ServerConnection.java:273)
INFO   | jvm 1    | 2018/03/30 14:48:27 | 	at io.mycat.server.ServerConnection.execute(ServerConnection.java:222)
INFO   | jvm 1    | 2018/03/30 14:48:27 | 	at io.mycat.server.handler.SelectHandler.handle(SelectHandler.java:105)
INFO   | jvm 1    | 2018/03/30 14:48:27 | 	at io.mycat.server.ServerQueryHandler.query(ServerQueryHandler.java:79)
INFO   | jvm 1    | 2018/03/30 14:48:27 | 	at io.mycat.net.FrontendConnection.query(FrontendConnection.java:317)
INFO   | jvm 1    | 2018/03/30 14:48:27 | 	at io.mycat.net.FrontendConnection.query(FrontendConnection.java:337)
INFO   | jvm 1    | 2018/03/30 14:48:27 | 	at io.mycat.net.handler.FrontendCommandHandler.handle(FrontendCommandHandler.java:71)
INFO   | jvm 1    | 2018/03/30 14:48:27 | 	at io.mycat.net.FrontendConnection.rawHandle(FrontendConnection.java:478)
INFO   | jvm 1    | 2018/03/30 14:48:27 | 	at io.mycat.net.FrontendConnection.handle(FrontendConnection.java:460)
INFO   | jvm 1    | 2018/03/30 14:48:27 | 	at io.mycat.net.AbstractConnection.onReadData(AbstractConnection.java:321)
INFO   | jvm 1    | 2018/03/30 14:48:27 | 	at io.mycat.net.NIOSocketWR.asynRead(NIOSocketWR.java:190)
INFO   | jvm 1    | 2018/03/30 14:48:27 | 	at io.mycat.net.AbstractConnection.asynRead(AbstractConnection.java:273)
INFO   | jvm 1    | 2018/03/30 14:48:27 | 	at io.mycat.net.NIOReactor$RW.run(NIOReactor.java:102)
INFO   | jvm 1    | 2018/03/30 14:48:27 | 	at java.lang.Thread.run(Thread.java:745)
INFO   | jvm 1    | 2018/03/30 14:48:27 |  (io.mycat.server.ServerConnection:ServerConnection.java:281) 
INFO   | jvm 1    | 2018/03/30 14:48:28 | 2018-03-30 14:48:28,494 [WARN ][$_NIOREACTOR-1-RW]  find no Route:SELECT * FROM `ias`.`t_room` LIMIT 0  (io.mycat.route.parser.druid.impl.DruidSelectParser:DruidSelectParser.java:436) 
INFO   | jvm 1    | 2018/03/30 14:48:28 | 2018-03-30 14:48:28,494 [WARN ][$_NIOREACTOR-1-RW] ServerConnection [id=6, schema=ias, host=60.63.136.248, user=mysql,txIsolation=3, autocommit=true, schema=ias]SELECT * FROM `ias`.`t_room` LIMIT 0 err:java.sql.SQLNonTransientException:  find no Route:SELECT * FROM `ias`.`t_room` LIMIT 0 java.sql.SQLNonTransientException:  find no Route:SELECT * FROM `ias`.`t_room` LIMIT 0
INFO   | jvm 1    | 2018/03/30 14:48:28 | 	at io.mycat.route.parser.druid.impl.DruidSelectParser.tryRoute(DruidSelectParser.java:437)
INFO   | jvm 1    | 2018/03/30 14:48:28 | 	at io.mycat.route.parser.druid.impl.DruidSelectParser.changeSql(DruidSelectParser.java:287)
INFO   | jvm 1    | 2018/03/30 14:48:28 | 	at io.mycat.route.parser.druid.impl.DefaultDruidParser.parser(DefaultDruidParser.java:67)
INFO   | jvm 1    | 2018/03/30 14:48:28 | 	at io.mycat.route.impl.DruidMycatRouteStrategy.routeNormalSqlWithAST(DruidMycatRouteStrategy.java:84)
INFO   | jvm 1    | 2018/03/30 14:48:28 | 	at io.mycat.route.impl.AbstractRouteStrategy.route(AbstractRouteStrategy.java:81)
INFO   | jvm 1    | 2018/03/30 14:48:28 | 	at io.mycat.route.RouteService.route(RouteService.java:133)
INFO   | jvm 1    | 2018/03/30 14:48:28 | 	at io.mycat.server.ServerConnection.routeEndExecuteSQL(ServerConnection.java:273)
INFO   | jvm 1    | 2018/03/30 14:48:28 | 	at io.mycat.server.ServerConnection.execute(ServerConnection.java:222)
INFO   | jvm 1    | 2018/03/30 14:48:28 | 	at io.mycat.server.handler.SelectHandler.handle(SelectHandler.java:105)
INFO   | jvm 1    | 2018/03/30 14:48:28 | 	at io.mycat.server.ServerQueryHandler.query(ServerQueryHandler.java:79)
INFO   | jvm 1    | 2018/03/30 14:48:28 | 	at io.mycat.net.FrontendConnection.query(FrontendConnection.java:317)
INFO   | jvm 1    | 2018/03/30 14:48:28 | 	at io.mycat.net.FrontendConnection.query(FrontendConnection.java:337)
INFO   | jvm 1    | 2018/03/30 14:48:28 | 	at io.mycat.net.handler.FrontendCommandHandler.handle(FrontendCommandHandler.java:71)
INFO   | jvm 1    | 2018/03/30 14:48:28 | 	at io.mycat.net.FrontendConnection.rawHandle(FrontendConnection.java:478)
INFO   | jvm 1    | 2018/03/30 14:48:28 | 	at io.mycat.net.FrontendConnection.handle(FrontendConnection.java:460)
INFO   | jvm 1    | 2018/03/30 14:48:28 | 	at io.mycat.net.AbstractConnection.onReadData(AbstractConnection.java:321)
INFO   | jvm 1    | 2018/03/30 14:48:28 | 	at io.mycat.net.NIOSocketWR.asynRead(NIOSocketWR.java:190)
INFO   | jvm 1    | 2018/03/30 14:48:28 | 	at io.mycat.net.AbstractConnection.asynRead(AbstractConnection.java:273)
INFO   | jvm 1    | 2018/03/30 14:48:28 | 	at io.mycat.net.NIOReactor$RW.run(NIOReactor.java:102)
INFO   | jvm 1    | 2018/03/30 14:48:28 | 	at java.lang.Thread.run(Thread.java:745)
INFO   | jvm 1    | 2018/03/30 14:48:28 |  (io.mycat.server.ServerConnection:ServerConnection.java:281) 
INFO   | jvm 1    | 2018/03/30 14:49:44 | 2018-03-30 14:49:43,989 [WARN ][$_NIOREACTOR-1-RW]  find no Route:SELECT * FROM `ias`.`t_room` LIMIT 0  (io.mycat.route.parser.druid.impl.DruidSelectParser:DruidSelectParser.java:436) 
INFO   | jvm 1    | 2018/03/30 14:49:44 | 2018-03-30 14:49:43,989 [WARN ][$_NIOREACTOR-1-RW] ServerConnection [id=6, schema=ias, host=60.63.136.248, user=mysql,txIsolation=3, autocommit=true, schema=ias]SELECT * FROM `ias`.`t_room` LIMIT 0 err:java.sql.SQLNonTransientException:  find no Route:SELECT * FROM `ias`.`t_room` LIMIT 0 java.sql.SQLNonTransientException:  find no Route:SELECT * FROM `ias`.`t_room` LIMIT 0
INFO   | jvm 1    | 2018/03/30 14:49:44 | 	at io.mycat.route.parser.druid.impl.DruidSelectParser.tryRoute(DruidSelectParser.java:437)
INFO   | jvm 1    | 2018/03/30 14:49:44 | 	at io.mycat.route.parser.druid.impl.DruidSelectParser.changeSql(DruidSelectParser.java:287)
INFO   | jvm 1    | 2018/03/30 14:49:44 | 	at io.mycat.route.parser.druid.impl.DefaultDruidParser.parser(DefaultDruidParser.java:67)
INFO   | jvm 1    | 2018/03/30 14:49:44 | 	at io.mycat.route.impl.DruidMycatRouteStrategy.routeNormalSqlWithAST(DruidMycatRouteStrategy.java:84)
INFO   | jvm 1    | 2018/03/30 14:49:44 | 	at io.mycat.route.impl.AbstractRouteStrategy.route(AbstractRouteStrategy.java:81)
INFO   | jvm 1    | 2018/03/30 14:49:44 | 	at io.mycat.route.RouteService.route(RouteService.java:133)
INFO   | jvm 1    | 2018/03/30 14:49:44 | 	at io.mycat.server.ServerConnection.routeEndExecuteSQL(ServerConnection.java:273)
INFO   | jvm 1    | 2018/03/30 14:49:44 | 	at io.mycat.server.ServerConnection.execute(ServerConnection.java:222)
INFO   | jvm 1    | 2018/03/30 14:49:44 | 	at io.mycat.server.handler.SelectHandler.handle(SelectHandler.java:105)
INFO   | jvm 1    | 2018/03/30 14:49:44 | 	at io.mycat.server.ServerQueryHandler.query(ServerQueryHandler.java:79)
INFO   | jvm 1    | 2018/03/30 14:49:44 | 	at io.mycat.net.FrontendConnection.query(FrontendConnection.java:317)
INFO   | jvm 1    | 2018/03/30 14:49:44 | 	at io.mycat.net.FrontendConnection.query(FrontendConnection.java:337)
INFO   | jvm 1    | 2018/03/30 14:49:44 | 	at io.mycat.net.handler.FrontendCommandHandler.handle(FrontendCommandHandler.java:71)
INFO   | jvm 1    | 2018/03/30 14:49:44 | 	at io.mycat.net.FrontendConnection.rawHandle(FrontendConnection.java:478)
INFO   | jvm 1    | 2018/03/30 14:49:44 | 	at io.mycat.net.FrontendConnection.handle(FrontendConnection.java:460)
INFO   | jvm 1    | 2018/03/30 14:49:44 | 	at io.mycat.net.AbstractConnection.onReadData(AbstractConnection.java:321)
INFO   | jvm 1    | 2018/03/30 14:49:44 | 	at io.mycat.net.NIOSocketWR.asynRead(NIOSocketWR.java:190)
INFO   | jvm 1    | 2018/03/30 14:49:44 | 	at io.mycat.net.AbstractConnection.asynRead(AbstractConnection.java:273)
INFO   | jvm 1    | 2018/03/30 14:49:44 | 	at io.mycat.net.NIOReactor$RW.run(NIOReactor.java:102)
INFO   | jvm 1    | 2018/03/30 14:49:44 | 	at java.lang.Thread.run(Thread.java:745)
INFO   | jvm 1    | 2018/03/30 14:49:44 |  (io.mycat.server.ServerConnection:ServerConnection.java:281) 
INFO   | jvm 1    | 2018/03/30 14:49:46 | 2018-03-30 14:49:46,082 [INFO ][Timer0] create connections ,because idle connection not enough ,cur is 7, minCon is 10 for hostS1  (io.mycat.backend.datasource.PhysicalDatasource:PhysicalDatasource.java:299) 
INFO   | jvm 1    | 2018/03/30 14:49:46 | 2018-03-30 14:49:46,085 [INFO ][$_NIOREACTOR-0-RW] connectionAcquired MySQLConnection [id=18, lastTime=1522421386081, user=root, schema=ias, old shema=ias, borrowed=false, fromSlaveDB=true, threadId=26, charset=latin1, txIsolation=3, autocommit=true, attachment=null, respHandler=null, host=172.31.40.116, port=33307, statusSync=null, writeQueue=0, modifiedSQLExecuted=false]  (io.mycat.backend.mysql.nio.handler.NewConnectionRespHandler:NewConnectionRespHandler.java:45) 
INFO   | jvm 1    | 2018/03/30 15:02:44 | 2018-03-30 15:02:44,082 [INFO ][Timer0] ServerConnection [id=2, schema=null, host=60.63.136.248, user=mysql,txIsolation=3, autocommit=true, schema=null] idle timeout  (io.mycat.net.AbstractConnection:AbstractConnection.java:521) 
INFO   | jvm 1    | 2018/03/30 15:02:44 | 2018-03-30 15:02:44,082 [INFO ][Timer0] close connection,reason: idle  ,ServerConnection [id=2, schema=null, host=60.63.136.248, user=mysql,txIsolation=3, autocommit=true, schema=null]  (io.mycat.net.AbstractConnection:AbstractConnection.java:508) 
INFO   | jvm 1    | 2018/03/30 15:02:47 | 2018-03-30 15:02:47,082 [INFO ][Timer1] ServerConnection [id=3, schema=ias, host=60.63.136.248, user=mysql,txIsolation=3, autocommit=true, schema=ias] idle timeout  (io.mycat.net.AbstractConnection:AbstractConnection.java:521) 
INFO   | jvm 1    | 2018/03/30 15:02:47 | 2018-03-30 15:02:47,083 [INFO ][Timer1] close connection,reason: idle  ,ServerConnection [id=3, schema=ias, host=60.63.136.248, user=mysql,txIsolation=3, autocommit=true, schema=ias]  (io.mycat.net.AbstractConnection:AbstractConnection.java:508) 
INFO   | jvm 1    | 2018/03/30 15:05:25 | 2018-03-30 15:05:25,082 [INFO ][Timer0] ServerConnection [id=5, schema=ias, host=60.63.136.248, user=mysql,txIsolation=3, autocommit=true, schema=ias] idle timeout  (io.mycat.net.AbstractConnection:AbstractConnection.java:521) 
INFO   | jvm 1    | 2018/03/30 15:05:25 | 2018-03-30 15:05:25,082 [INFO ][Timer0] close connection,reason: idle  ,ServerConnection [id=5, schema=ias, host=60.63.136.248, user=mysql,txIsolation=3, autocommit=true, schema=ias]  (io.mycat.net.AbstractConnection:AbstractConnection.java:508) 
INFO   | jvm 1    | 2018/03/30 15:19:44 | 2018-03-30 15:19:44,082 [INFO ][Timer1] ServerConnection [id=6, schema=ias, host=60.63.136.248, user=mysql,txIsolation=3, autocommit=true, schema=ias] idle timeout  (io.mycat.net.AbstractConnection:AbstractConnection.java:521) 
INFO   | jvm 1    | 2018/03/30 15:19:44 | 2018-03-30 15:19:44,082 [INFO ][Timer1] close connection,reason: idle  ,ServerConnection [id=6, schema=ias, host=60.63.136.248, user=mysql,txIsolation=3, autocommit=true, schema=ias]  (io.mycat.net.AbstractConnection:AbstractConnection.java:508) 
INFO   | jvm 1    | 2018/03/31 04:29:48 | 2018-03-31 04:29:48,531 [INFO ][$_NIOREACTOR-1-RW] ServerConnection [id=7, schema=null, host=60.63.136.248, user=mysql,txIsolation=3, autocommit=true, schema=null]'mysql' login success  (io.mycat.net.handler.FrontendAuthenticator:FrontendAuthenticator.java:194) 
INFO   | jvm 1    | 2018/03/31 04:29:48 | 2018-03-31 04:29:48,913 [WARN ][$_NIOREACTOR-1-RW]  find no Route:SELECT * FROM `ias`.`t_room` LIMIT 0  (io.mycat.route.parser.druid.impl.DruidSelectParser:DruidSelectParser.java:436) 
INFO   | jvm 1    | 2018/03/31 04:29:48 | 2018-03-31 04:29:48,914 [WARN ][$_NIOREACTOR-1-RW] ServerConnection [id=7, schema=ias, host=60.63.136.248, user=mysql,txIsolation=3, autocommit=true, schema=ias]SELECT * FROM `ias`.`t_room` LIMIT 0 err:java.sql.SQLNonTransientException:  find no Route:SELECT * FROM `ias`.`t_room` LIMIT 0 java.sql.SQLNonTransientException:  find no Route:SELECT * FROM `ias`.`t_room` LIMIT 0
INFO   | jvm 1    | 2018/03/31 04:29:48 | 	at io.mycat.route.parser.druid.impl.DruidSelectParser.tryRoute(DruidSelectParser.java:437)
INFO   | jvm 1    | 2018/03/31 04:29:48 | 	at io.mycat.route.parser.druid.impl.DruidSelectParser.changeSql(DruidSelectParser.java:287)
INFO   | jvm 1    | 2018/03/31 04:29:48 | 	at io.mycat.route.parser.druid.impl.DefaultDruidParser.parser(DefaultDruidParser.java:67)
INFO   | jvm 1    | 2018/03/31 04:29:48 | 	at io.mycat.route.impl.DruidMycatRouteStrategy.routeNormalSqlWithAST(DruidMycatRouteStrategy.java:84)
INFO   | jvm 1    | 2018/03/31 04:29:48 | 	at io.mycat.route.impl.AbstractRouteStrategy.route(AbstractRouteStrategy.java:81)
INFO   | jvm 1    | 2018/03/31 04:29:48 | 	at io.mycat.route.RouteService.route(RouteService.java:133)
INFO   | jvm 1    | 2018/03/31 04:29:48 | 	at io.mycat.server.ServerConnection.routeEndExecuteSQL(ServerConnection.java:273)
INFO   | jvm 1    | 2018/03/31 04:29:48 | 	at io.mycat.server.ServerConnection.execute(ServerConnection.java:222)
INFO   | jvm 1    | 2018/03/31 04:29:48 | 	at io.mycat.server.handler.SelectHandler.handle(SelectHandler.java:105)
INFO   | jvm 1    | 2018/03/31 04:29:48 | 	at io.mycat.server.ServerQueryHandler.query(ServerQueryHandler.java:79)
INFO   | jvm 1    | 2018/03/31 04:29:48 | 	at io.mycat.net.FrontendConnection.query(FrontendConnection.java:317)
INFO   | jvm 1    | 2018/03/31 04:29:48 | 	at io.mycat.net.FrontendConnection.query(FrontendConnection.java:337)
INFO   | jvm 1    | 2018/03/31 04:29:48 | 	at io.mycat.net.handler.FrontendCommandHandler.handle(FrontendCommandHandler.java:71)
INFO   | jvm 1    | 2018/03/31 04:29:48 | 	at io.mycat.net.FrontendConnection.rawHandle(FrontendConnection.java:478)
INFO   | jvm 1    | 2018/03/31 04:29:48 | 	at io.mycat.net.FrontendConnection.handle(FrontendConnection.java:460)
INFO   | jvm 1    | 2018/03/31 04:29:48 | 	at io.mycat.net.AbstractConnection.onReadData(AbstractConnection.java:321)
INFO   | jvm 1    | 2018/03/31 04:29:48 | 	at io.mycat.net.NIOSocketWR.asynRead(NIOSocketWR.java:190)
INFO   | jvm 1    | 2018/03/31 04:29:48 | 	at io.mycat.net.AbstractConnection.asynRead(AbstractConnection.java:273)
INFO   | jvm 1    | 2018/03/31 04:29:48 | 	at io.mycat.net.NIOReactor$RW.run(NIOReactor.java:102)
INFO   | jvm 1    | 2018/03/31 04:29:48 | 	at java.lang.Thread.run(Thread.java:745)
INFO   | jvm 1    | 2018/03/31 04:29:48 |  (io.mycat.server.ServerConnection:ServerConnection.java:281) 
INFO   | jvm 1    | 2018/03/31 04:30:01 | 2018-03-31 04:30:01,609 [WARN ][$_NIOREACTOR-1-RW]  find no Route:SELECT * FROM `ias`.`t_user` LIMIT 0  (io.mycat.route.parser.druid.impl.DruidSelectParser:DruidSelectParser.java:436) 
INFO   | jvm 1    | 2018/03/31 04:30:01 | 2018-03-31 04:30:01,609 [WARN ][$_NIOREACTOR-1-RW] ServerConnection [id=7, schema=ias, host=60.63.136.248, user=mysql,txIsolation=3, autocommit=true, schema=ias]SELECT * FROM `ias`.`t_user` LIMIT 0 err:java.sql.SQLNonTransientException:  find no Route:SELECT * FROM `ias`.`t_user` LIMIT 0 java.sql.SQLNonTransientException:  find no Route:SELECT * FROM `ias`.`t_user` LIMIT 0
INFO   | jvm 1    | 2018/03/31 04:30:01 | 	at io.mycat.route.parser.druid.impl.DruidSelectParser.tryRoute(DruidSelectParser.java:437)
INFO   | jvm 1    | 2018/03/31 04:30:01 | 	at io.mycat.route.parser.druid.impl.DruidSelectParser.changeSql(DruidSelectParser.java:287)
INFO   | jvm 1    | 2018/03/31 04:30:01 | 	at io.mycat.route.parser.druid.impl.DefaultDruidParser.parser(DefaultDruidParser.java:67)
INFO   | jvm 1    | 2018/03/31 04:30:01 | 	at io.mycat.route.impl.DruidMycatRouteStrategy.routeNormalSqlWithAST(DruidMycatRouteStrategy.java:84)
INFO   | jvm 1    | 2018/03/31 04:30:01 | 	at io.mycat.route.impl.AbstractRouteStrategy.route(AbstractRouteStrategy.java:81)
INFO   | jvm 1    | 2018/03/31 04:30:01 | 	at io.mycat.route.RouteService.route(RouteService.java:133)
INFO   | jvm 1    | 2018/03/31 04:30:01 | 	at io.mycat.server.ServerConnection.routeEndExecuteSQL(ServerConnection.java:273)
INFO   | jvm 1    | 2018/03/31 04:30:01 | 	at io.mycat.server.ServerConnection.execute(ServerConnection.java:222)
INFO   | jvm 1    | 2018/03/31 04:30:01 | 	at io.mycat.server.handler.SelectHandler.handle(SelectHandler.java:105)
INFO   | jvm 1    | 2018/03/31 04:30:01 | 	at io.mycat.server.ServerQueryHandler.query(ServerQueryHandler.java:79)
INFO   | jvm 1    | 2018/03/31 04:30:01 | 	at io.mycat.net.FrontendConnection.query(FrontendConnection.java:317)
INFO   | jvm 1    | 2018/03/31 04:30:01 | 	at io.mycat.net.FrontendConnection.query(FrontendConnection.java:337)
INFO   | jvm 1    | 2018/03/31 04:30:01 | 	at io.mycat.net.handler.FrontendCommandHandler.handle(FrontendCommandHandler.java:71)
INFO   | jvm 1    | 2018/03/31 04:30:01 | 	at io.mycat.net.FrontendConnection.rawHandle(FrontendConnection.java:478)
INFO   | jvm 1    | 2018/03/31 04:30:01 | 	at io.mycat.net.FrontendConnection.handle(FrontendConnection.java:460)
INFO   | jvm 1    | 2018/03/31 04:30:01 | 	at io.mycat.net.AbstractConnection.onReadData(AbstractConnection.java:321)
INFO   | jvm 1    | 2018/03/31 04:30:01 | 	at io.mycat.net.NIOSocketWR.asynRead(NIOSocketWR.java:190)
INFO   | jvm 1    | 2018/03/31 04:30:01 | 	at io.mycat.net.AbstractConnection.asynRead(AbstractConnection.java:273)
INFO   | jvm 1    | 2018/03/31 04:30:01 | 	at io.mycat.net.NIOReactor$RW.run(NIOReactor.java:102)
INFO   | jvm 1    | 2018/03/31 04:30:01 | 	at java.lang.Thread.run(Thread.java:745)
INFO   | jvm 1    | 2018/03/31 04:30:01 |  (io.mycat.server.ServerConnection:ServerConnection.java:281) 
INFO   | jvm 1    | 2018/03/31 04:30:24 | 2018-03-31 04:30:24,537 [INFO ][$_NIOREACTOR-1-RW] close connection,reason:quit cmd ,ServerConnection [id=7, schema=ias, host=60.63.136.248, user=mysql,txIsolation=3, autocommit=true, schema=ias]  (io.mycat.net.AbstractConnection:AbstractConnection.java:508) 
INFO   | jvm 1    | 2018/03/31 04:30:25 | 2018-03-31 04:30:25,355 [INFO ][$_NIOREACTOR-0-RW] ServerConnection [id=8, schema=null, host=60.63.136.248, user=mysql,txIsolation=3, autocommit=true, schema=null]'mysql' login success  (io.mycat.net.handler.FrontendAuthenticator:FrontendAuthenticator.java:194) 
INFO   | jvm 1    | 2018/03/31 04:30:26 | 2018-03-31 04:30:26,497 [INFO ][$_NIOREACTOR-1-RW] ServerConnection [id=9, schema=null, host=60.63.136.248, user=mysql,txIsolation=3, autocommit=true, schema=null]'mysql' login success  (io.mycat.net.handler.FrontendAuthenticator:FrontendAuthenticator.java:194) 
INFO   | jvm 1    | 2018/03/31 04:30:26 | 2018-03-31 04:30:26,816 [WARN ][$_NIOREACTOR-1-RW] execute  sql err : errno:1347 'ias.t_device' is not VIEW con:MySQLConnection [id=13, lastTime=1522470626801, user=root, schema=ias, old shema=ias, borrowed=true, fromSlaveDB=true, threadId=20, charset=utf8, txIsolation=3, autocommit=true, attachment=dn_test0{SHOW CREATE VIEW t_device}, respHandler=SingleNodeHandler [node=dn_test0{SHOW CREATE VIEW t_device}, packetId=1], host=172.31.40.116, port=33307, statusSync=null, writeQueue=0, modifiedSQLExecuted=false] frontend host:60.63.136.248/49244/mysql  (io.mycat.backend.mysql.nio.handler.SingleNodeHandler:SingleNodeHandler.java:249) 
INFO   | jvm 1    | 2018/03/31 04:30:29 | 2018-03-31 04:30:29,664 [INFO ][$_NIOREACTOR-1-RW] close connection,reason:quit cmd ,ServerConnection [id=9, schema=ias, host=60.63.136.248, user=mysql,txIsolation=3, autocommit=true, schema=ias]  (io.mycat.net.AbstractConnection:AbstractConnection.java:508) 
INFO   | jvm 1    | 2018/03/31 04:30:32 | 2018-03-31 04:30:32,420 [INFO ][$_NIOREACTOR-0-RW] ServerConnection [id=10, schema=null, host=60.63.136.248, user=mysql,txIsolation=3, autocommit=true, schema=null]'mysql' login success  (io.mycat.net.handler.FrontendAuthenticator:FrontendAuthenticator.java:194) 
INFO   | jvm 1    | 2018/03/31 04:30:33 | 2018-03-31 04:30:33,449 [INFO ][$_NIOREACTOR-0-RW] close connection,reason:quit cmd ,ServerConnection [id=10, schema=ias, host=60.63.136.248, user=mysql,txIsolation=3, autocommit=true, schema=ias]  (io.mycat.net.AbstractConnection:AbstractConnection.java:508) 
INFO   | jvm 1    | 2018/03/31 04:30:35 | 2018-03-31 04:30:35,368 [INFO ][$_NIOREACTOR-1-RW] ServerConnection [id=11, schema=null, host=60.63.136.248, user=mysql,txIsolation=3, autocommit=true, schema=null]'mysql' login success  (io.mycat.net.handler.FrontendAuthenticator:FrontendAuthenticator.java:194) 
INFO   | jvm 1    | 2018/03/31 04:30:44 | 2018-03-31 04:30:44,370 [INFO ][$_NIOREACTOR-1-RW] close connection,reason:quit cmd ,ServerConnection [id=11, schema=ias, host=60.63.136.248, user=mysql,txIsolation=3, autocommit=true, schema=ias]  (io.mycat.net.AbstractConnection:AbstractConnection.java:508) 
INFO   | jvm 1    | 2018/03/31 04:30:45 | 2018-03-31 04:30:45,032 [INFO ][$_NIOREACTOR-0-RW] ServerConnection [id=12, schema=null, host=60.63.136.248, user=mysql,txIsolation=3, autocommit=true, schema=null]'mysql' login success  (io.mycat.net.handler.FrontendAuthenticator:FrontendAuthenticator.java:194) 
INFO   | jvm 1    | 2018/03/31 04:30:55 | 2018-03-31 04:30:55,067 [INFO ][$_NIOREACTOR-0-RW] close connection,reason:quit cmd ,ServerConnection [id=12, schema=ias, host=60.63.136.248, user=mysql,txIsolation=3, autocommit=true, schema=ias]  (io.mycat.net.AbstractConnection:AbstractConnection.java:508) 
INFO   | jvm 1    | 2018/03/31 04:30:56 | 2018-03-31 04:30:56,235 [INFO ][$_NIOREACTOR-1-RW] ServerConnection [id=13, schema=null, host=60.63.136.248, user=mysql,txIsolation=3, autocommit=true, schema=null]'mysql' login success  (io.mycat.net.handler.FrontendAuthenticator:FrontendAuthenticator.java:194) 
INFO   | jvm 1    | 2018/03/31 04:30:59 | 2018-03-31 04:30:59,274 [INFO ][$_NIOREACTOR-1-RW] close connection,reason:quit cmd ,ServerConnection [id=13, schema=ias, host=60.63.136.248, user=mysql,txIsolation=3, autocommit=true, schema=ias]  (io.mycat.net.AbstractConnection:AbstractConnection.java:508) 
INFO   | jvm 1    | 2018/03/31 04:31:00 | 2018-03-31 04:31:00,514 [INFO ][$_NIOREACTOR-0-RW] ServerConnection [id=14, schema=null, host=60.63.136.248, user=mysql,txIsolation=3, autocommit=true, schema=null]'mysql' login success  (io.mycat.net.handler.FrontendAuthenticator:FrontendAuthenticator.java:194) 
INFO   | jvm 1    | 2018/03/31 04:31:01 | 2018-03-31 04:31:01,481 [INFO ][$_NIOREACTOR-0-RW] close connection,reason:quit cmd ,ServerConnection [id=14, schema=ias, host=60.63.136.248, user=mysql,txIsolation=3, autocommit=true, schema=ias]  (io.mycat.net.AbstractConnection:AbstractConnection.java:508) 
INFO   | jvm 1    | 2018/03/31 04:31:01 | 2018-03-31 04:31:01,891 [INFO ][$_NIOREACTOR-1-RW] ServerConnection [id=15, schema=null, host=60.63.136.248, user=mysql,txIsolation=3, autocommit=true, schema=null]'mysql' login success  (io.mycat.net.handler.FrontendAuthenticator:FrontendAuthenticator.java:194) 
INFO   | jvm 1    | 2018/03/31 04:31:11 | 2018-03-31 04:31:11,145 [INFO ][$_NIOREACTOR-1-RW] close connection,reason:quit cmd ,ServerConnection [id=15, schema=ias, host=60.63.136.248, user=mysql,txIsolation=3, autocommit=true, schema=ias]  (io.mycat.net.AbstractConnection:AbstractConnection.java:508) 
INFO   | jvm 1    | 2018/03/31 04:31:11 | 2018-03-31 04:31:11,533 [INFO ][$_NIOREACTOR-0-RW] close connection,reason:quit cmd ,ServerConnection [id=8, schema=ias, host=60.63.136.248, user=mysql,txIsolation=3, autocommit=true, schema=ias]  (io.mycat.net.AbstractConnection:AbstractConnection.java:508) 
